2017-11-13 20:03:40,022 | INFO  | main                           | properties                     | L122  | 			 ==================================================
2017-11-13 20:03:40,023 | INFO  | main                           | properties                     | L123  | properties file is './FilterRegistry.properties'
2017-11-13 20:03:40,025 | ERROR | main                           | PropertiesParserSingleton      | L61   | Cannot instanciate properties 'class com.ibm.cms.rtmf.core.impl.FilterRegistryParser'.
java.io.FileNotFoundException: ./FilterRegistry.properties (No such file or directory)
	at java.io.FileInputStream.open0(Native Method)
	at java.io.FileInputStream.open(FileInputStream.java:195)
	at java.io.FileInputStream.<init>(FileInputStream.java:138)
	at com.ibm.util.properties.PropertiesHelper.loadFromFile(PropertiesHelper.java:49)
	at com.ibm.util.properties.PropertiesHelper.loadFromFile(PropertiesHelper.java:45)
	at com.ibm.util.properties.PropertiesParser.initParserUsingFile(PropertiesParser.java:128)
	at com.ibm.util.properties.PropertiesParser.<init>(PropertiesParser.java:101)
	at com.ibm.util.properties.PropertiesParser.<init>(PropertiesParser.java:75)
	at com.ibm.cms.rtmf.core.impl.FilterRegistryParser.<init>(FilterRegistryParser.java:24)
	at sun.reflect.NativeConstructorAccessorImpl.newInstance0(Native Method)
	at sun.reflect.NativeConstructorAccessorImpl.newInstance(NativeConstructorAccessorImpl.java:62)
	at sun.reflect.DelegatingConstructorAccessorImpl.newInstance(DelegatingConstructorAccessorImpl.java:45)
	at java.lang.reflect.Constructor.newInstance(Constructor.java:423)
	at java.lang.Class.newInstance(Class.java:442)
	at com.ibm.util.properties.PropertiesParserSingleton.get(PropertiesParserSingleton.java:59)
	at com.ibm.util.properties.PropertiesParserSingleton.get(PropertiesParserSingleton.java:35)
	at com.ibm.cms.rtmf.core.impl.FilterRegistry.<clinit>(FilterRegistry.java:25)
	at com.ibm.cms.rtmf.core.impl.FilterFactory.createFilter(FilterFactory.java:25)
	at com.ibm.cms.rtmf.builder.GraphBuilder.addFilter(GraphBuilder.java:132)
	at com.ibm.cms.rtmf.builder.StreamDetector.setupTrack(StreamDetector.java:59)
	at com.ibm.cms.rtmf.builder.GraphBuilder.setupAllTracks(GraphBuilder.java:147)
	at com.ibm.cms.rtmf.builder.StreamDetector.createGraph(StreamDetector.java:45)
	at com.ibm.cms.rtmf.builder.StreamDetector.detectStreams(StreamDetector.java:118)
	at com.ibm.cms.rtmf.test.Streamer.createGraph(Streamer.java:52)
	at com.ibm.cms.rtmf.test.Streamer.main(Streamer.java:120)
