2017-11-13 19:06:29,385 | INFO  | main                           | properties                     | L122  | 			 ==================================================
2017-11-13 19:06:29,385 | INFO  | main                           | properties                     | L123  | properties file is '.\FilterRegistry.properties'
2017-11-13 19:06:29,400 | DEBUG | main                           | properties                     | L132  | Last modified date: Mon Nov 06 14:14:19 IST 2017
2017-11-13 19:06:29,400 | INFO  | main                           | properties                     | L309  | Setting properties to the values written in file 'FilterRegistry.properties'
2017-11-13 19:06:29,416 | INFO  | main                           | properties                     | L353  | FILTER_IDS                                    = '[Ljava.lang.String;@6a79c292'          <<<< Previous value was 'null'      
2017-11-13 19:06:29,416 | INFO  | main                           | properties                     | L353  | FILTER_IMPLS                                  = '[Ljava.lang.String;@38364841'          <<<< Previous value was 'null'      
2017-11-13 19:06:29,416 | INFO  | main                           | properties                     | L369  | 			 ==================================================

2017-11-13 19:06:29,479 | INFO  | main                           | UDPSink                        | L285  | It seems that system properties 'PRIVATE_NETWORK' and 'PUBLIC_NETWORK' have not been set properly
2017-11-13 19:06:29,479 | INFO  | main                           | CMSFileSource                  | L315  | After offsetFile.seek(offset)
2017-11-13 19:06:29,479 | INFO  | main                           | CMSFileSource                  | L319  | After prefetchOffset()
2017-11-13 19:06:29,479 | INFO  | main                           | CMSFileSource                  | L325  | After dataFile.seek(pi.getPacketOffset())
2017-11-13 19:06:29,479 | INFO  | main                           | CMSFileSource                  | L329  | After prefetchData()
2017-11-13 19:06:29,489 | INFO  | CMSFileSource_PullRunnable     | CMSFileSource                  | L122  | after prefetchOffset
2017-11-13 19:06:29,551 | INFO  | CMSFileSource_PullRunnable     | CMSFileSource                  | L106  | after prefetchData
2017-11-13 19:06:29,886 | INFO  | CMSFileSource_PullRunnable     | CMSFileSource                  | L122  | after prefetchOffset
2017-11-13 19:06:30,010 | INFO  | CMSFileSource_PullRunnable     | CMSFileSource                  | L106  | after prefetchData
2017-11-13 19:06:30,293 | INFO  | CMSFileSource_PullRunnable     | CMSFileSource                  | L122  | after prefetchOffset
2017-11-13 19:08:42,702 | INFO  | eSource_SourceDeliveryRunnable | UDPSink                        | L102  | EOM posting event
2017-11-13 19:08:42,703 | INFO  | EventManager_EventReporter     | CMSFileSource                  | L315  | After offsetFile.seek(offset)
2017-11-13 19:08:42,704 | INFO  | EventManager_EventReporter     | CMSFileSource                  | L319  | After prefetchOffset()
2017-11-13 19:08:42,704 | INFO  | EventManager_EventReporter     | CMSFileSource                  | L325  | After dataFile.seek(pi.getPacketOffset())
2017-11-13 19:08:42,704 | INFO  | EventManager_EventReporter     | CMSFileSource                  | L329  | After prefetchData()
2017-11-13 19:08:42,705 | INFO  | EventManager_EventReporter     | CMSFileSource                  | L315  | After offsetFile.seek(offset)
2017-11-13 19:08:42,705 | INFO  | EventManager_EventReporter     | CMSFileSource                  | L319  | After prefetchOffset()
2017-11-13 19:08:42,706 | INFO  | EventManager_EventReporter     | CMSFileSource                  | L325  | After dataFile.seek(pi.getPacketOffset())
2017-11-13 19:08:42,706 | INFO  | EventManager_EventReporter     | CMSFileSource                  | L329  | After prefetchData()
2017-11-13 19:10:55,929 | INFO  | eSource_SourceDeliveryRunnable | UDPSink                        | L102  | EOM posting event
2017-11-13 19:10:55,930 | INFO  | EventManager_EventReporter     | CMSFileSource                  | L315  | After offsetFile.seek(offset)
2017-11-13 19:10:55,931 | INFO  | EventManager_EventReporter     | CMSFileSource                  | L319  | After prefetchOffset()
2017-11-13 19:10:55,931 | INFO  | EventManager_EventReporter     | CMSFileSource                  | L325  | After dataFile.seek(pi.getPacketOffset())
2017-11-13 19:10:55,932 | INFO  | EventManager_EventReporter     | CMSFileSource                  | L329  | After prefetchData()
2017-11-13 19:10:55,933 | INFO  | EventManager_EventReporter     | CMSFileSource                  | L315  | After offsetFile.seek(offset)
2017-11-13 19:10:55,933 | INFO  | EventManager_EventReporter     | CMSFileSource                  | L319  | After prefetchOffset()
2017-11-13 19:10:55,934 | INFO  | EventManager_EventReporter     | CMSFileSource                  | L325  | After dataFile.seek(pi.getPacketOffset())
2017-11-13 19:10:55,935 | INFO  | EventManager_EventReporter     | CMSFileSource                  | L329  | After prefetchData()
2017-11-13 19:13:09,159 | INFO  | eSource_SourceDeliveryRunnable | UDPSink                        | L102  | EOM posting event
2017-11-13 19:13:09,167 | INFO  | EventManager_EventReporter     | CMSFileSource                  | L315  | After offsetFile.seek(offset)
2017-11-13 19:13:09,168 | INFO  | EventManager_EventReporter     | CMSFileSource                  | L319  | After prefetchOffset()
2017-11-13 19:13:09,169 | INFO  | EventManager_EventReporter     | CMSFileSource                  | L325  | After dataFile.seek(pi.getPacketOffset())
2017-11-13 19:13:09,171 | INFO  | EventManager_EventReporter     | CMSFileSource                  | L329  | After prefetchData()
2017-11-13 19:13:09,176 | INFO  | EventManager_EventReporter     | CMSFileSource                  | L315  | After offsetFile.seek(offset)
2017-11-13 19:13:09,178 | INFO  | EventManager_EventReporter     | CMSFileSource                  | L319  | After prefetchOffset()
2017-11-13 19:13:09,181 | INFO  | EventManager_EventReporter     | CMSFileSource                  | L325  | After dataFile.seek(pi.getPacketOffset())
2017-11-13 19:13:09,184 | INFO  | EventManager_EventReporter     | CMSFileSource                  | L329  | After prefetchData()
2017-11-13 19:15:22,412 | INFO  | eSource_SourceDeliveryRunnable | UDPSink                        | L102  | EOM posting event
2017-11-13 19:15:22,420 | INFO  | EventManager_EventReporter     | CMSFileSource                  | L315  | After offsetFile.seek(offset)
2017-11-13 19:15:22,421 | INFO  | EventManager_EventReporter     | CMSFileSource                  | L319  | After prefetchOffset()
2017-11-13 19:15:22,422 | INFO  | EventManager_EventReporter     | CMSFileSource                  | L325  | After dataFile.seek(pi.getPacketOffset())
2017-11-13 19:15:22,424 | INFO  | EventManager_EventReporter     | CMSFileSource                  | L329  | After prefetchData()
2017-11-13 19:15:22,425 | INFO  | EventManager_EventReporter     | CMSFileSource                  | L315  | After offsetFile.seek(offset)
2017-11-13 19:15:22,431 | INFO  | EventManager_EventReporter     | CMSFileSource                  | L319  | After prefetchOffset()
2017-11-13 19:15:22,434 | INFO  | EventManager_EventReporter     | CMSFileSource                  | L325  | After dataFile.seek(pi.getPacketOffset())
2017-11-13 19:15:22,436 | INFO  | EventManager_EventReporter     | CMSFileSource                  | L329  | After prefetchData()
2017-11-13 19:17:35,665 | INFO  | eSource_SourceDeliveryRunnable | UDPSink                        | L102  | EOM posting event
2017-11-13 19:17:35,671 | INFO  | EventManager_EventReporter     | CMSFileSource                  | L315  | After offsetFile.seek(offset)
2017-11-13 19:17:35,672 | INFO  | EventManager_EventReporter     | CMSFileSource                  | L319  | After prefetchOffset()
2017-11-13 19:17:35,674 | INFO  | EventManager_EventReporter     | CMSFileSource                  | L325  | After dataFile.seek(pi.getPacketOffset())
2017-11-13 19:17:35,677 | INFO  | EventManager_EventReporter     | CMSFileSource                  | L329  | After prefetchData()
2017-11-13 19:17:35,681 | INFO  | EventManager_EventReporter     | CMSFileSource                  | L315  | After offsetFile.seek(offset)
2017-11-13 19:17:35,682 | INFO  | EventManager_EventReporter     | CMSFileSource                  | L319  | After prefetchOffset()
2017-11-13 19:17:35,685 | INFO  | EventManager_EventReporter     | CMSFileSource                  | L325  | After dataFile.seek(pi.getPacketOffset())
2017-11-13 19:17:35,687 | INFO  | EventManager_EventReporter     | CMSFileSource                  | L329  | After prefetchData()
2017-11-13 19:19:48,912 | INFO  | eSource_SourceDeliveryRunnable | UDPSink                        | L102  | EOM posting event
2017-11-13 19:19:48,923 | INFO  | EventManager_EventReporter     | CMSFileSource                  | L315  | After offsetFile.seek(offset)
2017-11-13 19:19:48,924 | INFO  | EventManager_EventReporter     | CMSFileSource                  | L319  | After prefetchOffset()
2017-11-13 19:19:48,932 | INFO  | EventManager_EventReporter     | CMSFileSource                  | L325  | After dataFile.seek(pi.getPacketOffset())
2017-11-13 19:19:48,935 | INFO  | EventManager_EventReporter     | CMSFileSource                  | L329  | After prefetchData()
2017-11-13 19:19:48,937 | INFO  | EventManager_EventReporter     | CMSFileSource                  | L315  | After offsetFile.seek(offset)
2017-11-13 19:19:48,938 | INFO  | EventManager_EventReporter     | CMSFileSource                  | L319  | After prefetchOffset()
2017-11-13 19:19:48,939 | INFO  | EventManager_EventReporter     | CMSFileSource                  | L325  | After dataFile.seek(pi.getPacketOffset())
2017-11-13 19:19:48,942 | INFO  | EventManager_EventReporter     | CMSFileSource                  | L329  | After prefetchData()
2017-11-13 19:22:02,173 | INFO  | eSource_SourceDeliveryRunnable | UDPSink                        | L102  | EOM posting event
2017-11-13 19:22:02,181 | INFO  | EventManager_EventReporter     | CMSFileSource                  | L315  | After offsetFile.seek(offset)
2017-11-13 19:22:02,182 | INFO  | EventManager_EventReporter     | CMSFileSource                  | L319  | After prefetchOffset()
2017-11-13 19:22:02,183 | INFO  | EventManager_EventReporter     | CMSFileSource                  | L325  | After dataFile.seek(pi.getPacketOffset())
2017-11-13 19:22:02,185 | INFO  | EventManager_EventReporter     | CMSFileSource                  | L329  | After prefetchData()
2017-11-13 19:22:02,191 | INFO  | EventManager_EventReporter     | CMSFileSource                  | L315  | After offsetFile.seek(offset)
2017-11-13 19:22:02,192 | INFO  | EventManager_EventReporter     | CMSFileSource                  | L319  | After prefetchOffset()
2017-11-13 19:22:02,195 | INFO  | EventManager_EventReporter     | CMSFileSource                  | L325  | After dataFile.seek(pi.getPacketOffset())
2017-11-13 19:22:02,196 | INFO  | EventManager_EventReporter     | CMSFileSource                  | L329  | After prefetchData()
2017-11-13 19:24:15,421 | INFO  | eSource_SourceDeliveryRunnable | UDPSink                        | L102  | EOM posting event
2017-11-13 19:24:15,428 | INFO  | EventManager_EventReporter     | CMSFileSource                  | L315  | After offsetFile.seek(offset)
2017-11-13 19:24:15,429 | INFO  | EventManager_EventReporter     | CMSFileSource                  | L319  | After prefetchOffset()
2017-11-13 19:24:15,430 | INFO  | EventManager_EventReporter     | CMSFileSource                  | L325  | After dataFile.seek(pi.getPacketOffset())
2017-11-13 19:24:15,431 | INFO  | EventManager_EventReporter     | CMSFileSource                  | L329  | After prefetchData()
2017-11-13 19:24:15,432 | INFO  | EventManager_EventReporter     | CMSFileSource                  | L315  | After offsetFile.seek(offset)
2017-11-13 19:24:15,439 | INFO  | EventManager_EventReporter     | CMSFileSource                  | L319  | After prefetchOffset()
2017-11-13 19:24:15,440 | INFO  | EventManager_EventReporter     | CMSFileSource                  | L325  | After dataFile.seek(pi.getPacketOffset())
2017-11-13 19:24:15,442 | INFO  | EventManager_EventReporter     | CMSFileSource                  | L329  | After prefetchData()
2017-11-13 19:26:28,665 | INFO  | eSource_SourceDeliveryRunnable | UDPSink                        | L102  | EOM posting event
2017-11-13 19:26:28,669 | INFO  | EventManager_EventReporter     | CMSFileSource                  | L315  | After offsetFile.seek(offset)
2017-11-13 19:26:28,670 | INFO  | EventManager_EventReporter     | CMSFileSource                  | L319  | After prefetchOffset()
2017-11-13 19:26:28,670 | INFO  | EventManager_EventReporter     | CMSFileSource                  | L325  | After dataFile.seek(pi.getPacketOffset())
2017-11-13 19:26:28,671 | INFO  | EventManager_EventReporter     | CMSFileSource                  | L329  | After prefetchData()
2017-11-13 19:26:28,672 | INFO  | EventManager_EventReporter     | CMSFileSource                  | L315  | After offsetFile.seek(offset)
2017-11-13 19:26:28,672 | INFO  | EventManager_EventReporter     | CMSFileSource                  | L319  | After prefetchOffset()
2017-11-13 19:26:28,672 | INFO  | EventManager_EventReporter     | CMSFileSource                  | L325  | After dataFile.seek(pi.getPacketOffset())
2017-11-13 19:26:28,673 | INFO  | EventManager_EventReporter     | CMSFileSource                  | L329  | After prefetchData()
2017-11-13 19:28:41,896 | INFO  | eSource_SourceDeliveryRunnable | UDPSink                        | L102  | EOM posting event
2017-11-13 19:28:41,903 | INFO  | EventManager_EventReporter     | CMSFileSource                  | L315  | After offsetFile.seek(offset)
2017-11-13 19:28:41,904 | INFO  | EventManager_EventReporter     | CMSFileSource                  | L319  | After prefetchOffset()
2017-11-13 19:28:41,905 | INFO  | EventManager_EventReporter     | CMSFileSource                  | L325  | After dataFile.seek(pi.getPacketOffset())
2017-11-13 19:28:41,907 | INFO  | EventManager_EventReporter     | CMSFileSource                  | L329  | After prefetchData()
2017-11-13 19:28:41,908 | INFO  | EventManager_EventReporter     | CMSFileSource                  | L315  | After offsetFile.seek(offset)
2017-11-13 19:28:41,914 | INFO  | EventManager_EventReporter     | CMSFileSource                  | L319  | After prefetchOffset()
2017-11-13 19:28:41,916 | INFO  | EventManager_EventReporter     | CMSFileSource                  | L325  | After dataFile.seek(pi.getPacketOffset())
2017-11-13 19:28:41,917 | INFO  | EventManager_EventReporter     | CMSFileSource                  | L329  | After prefetchData()
2017-11-13 19:30:55,142 | INFO  | eSource_SourceDeliveryRunnable | UDPSink                        | L102  | EOM posting event
2017-11-13 19:30:55,152 | INFO  | EventManager_EventReporter     | CMSFileSource                  | L315  | After offsetFile.seek(offset)
2017-11-13 19:30:55,153 | INFO  | EventManager_EventReporter     | CMSFileSource                  | L319  | After prefetchOffset()
2017-11-13 19:30:55,154 | INFO  | EventManager_EventReporter     | CMSFileSource                  | L325  | After dataFile.seek(pi.getPacketOffset())
2017-11-13 19:30:55,159 | INFO  | EventManager_EventReporter     | CMSFileSource                  | L329  | After prefetchData()
2017-11-13 19:30:55,160 | INFO  | EventManager_EventReporter     | CMSFileSource                  | L315  | After offsetFile.seek(offset)
2017-11-13 19:30:55,163 | INFO  | EventManager_EventReporter     | CMSFileSource                  | L319  | After prefetchOffset()
2017-11-13 19:30:55,164 | INFO  | EventManager_EventReporter     | CMSFileSource                  | L325  | After dataFile.seek(pi.getPacketOffset())
2017-11-13 19:30:55,166 | INFO  | EventManager_EventReporter     | CMSFileSource                  | L329  | After prefetchData()
2017-11-13 19:33:08,394 | INFO  | eSource_SourceDeliveryRunnable | UDPSink                        | L102  | EOM posting event
2017-11-13 19:33:08,404 | INFO  | EventManager_EventReporter     | CMSFileSource                  | L315  | After offsetFile.seek(offset)
2017-11-13 19:33:08,405 | INFO  | EventManager_EventReporter     | CMSFileSource                  | L319  | After prefetchOffset()
2017-11-13 19:33:08,409 | INFO  | EventManager_EventReporter     | CMSFileSource                  | L325  | After dataFile.seek(pi.getPacketOffset())
2017-11-13 19:33:08,411 | INFO  | EventManager_EventReporter     | CMSFileSource                  | L329  | After prefetchData()
2017-11-13 19:33:08,413 | INFO  | EventManager_EventReporter     | CMSFileSource                  | L315  | After offsetFile.seek(offset)
2017-11-13 19:33:08,414 | INFO  | EventManager_EventReporter     | CMSFileSource                  | L319  | After prefetchOffset()
2017-11-13 19:33:08,416 | INFO  | EventManager_EventReporter     | CMSFileSource                  | L325  | After dataFile.seek(pi.getPacketOffset())
2017-11-13 19:33:08,422 | INFO  | EventManager_EventReporter     | CMSFileSource                  | L329  | After prefetchData()
2017-11-13 19:35:21,647 | INFO  | eSource_SourceDeliveryRunnable | UDPSink                        | L102  | EOM posting event
2017-11-13 19:35:21,655 | INFO  | EventManager_EventReporter     | CMSFileSource                  | L315  | After offsetFile.seek(offset)
2017-11-13 19:35:21,656 | INFO  | EventManager_EventReporter     | CMSFileSource                  | L319  | After prefetchOffset()
2017-11-13 19:35:21,659 | INFO  | EventManager_EventReporter     | CMSFileSource                  | L325  | After dataFile.seek(pi.getPacketOffset())
2017-11-13 19:35:21,664 | INFO  | EventManager_EventReporter     | CMSFileSource                  | L329  | After prefetchData()
2017-11-13 19:35:21,667 | INFO  | EventManager_EventReporter     | CMSFileSource                  | L315  | After offsetFile.seek(offset)
2017-11-13 19:35:21,670 | INFO  | EventManager_EventReporter     | CMSFileSource                  | L319  | After prefetchOffset()
2017-11-13 19:35:21,672 | INFO  | EventManager_EventReporter     | CMSFileSource                  | L325  | After dataFile.seek(pi.getPacketOffset())
2017-11-13 19:35:21,673 | INFO  | EventManager_EventReporter     | CMSFileSource                  | L329  | After prefetchData()
2017-11-13 19:37:34,901 | INFO  | eSource_SourceDeliveryRunnable | UDPSink                        | L102  | EOM posting event
2017-11-13 19:37:34,908 | INFO  | EventManager_EventReporter     | CMSFileSource                  | L315  | After offsetFile.seek(offset)
2017-11-13 19:37:34,909 | INFO  | EventManager_EventReporter     | CMSFileSource                  | L319  | After prefetchOffset()
2017-11-13 19:37:34,910 | INFO  | EventManager_EventReporter     | CMSFileSource                  | L325  | After dataFile.seek(pi.getPacketOffset())
2017-11-13 19:37:34,911 | INFO  | EventManager_EventReporter     | CMSFileSource                  | L329  | After prefetchData()
2017-11-13 19:37:34,912 | INFO  | EventManager_EventReporter     | CMSFileSource                  | L315  | After offsetFile.seek(offset)
2017-11-13 19:37:34,917 | INFO  | EventManager_EventReporter     | CMSFileSource                  | L319  | After prefetchOffset()
2017-11-13 19:37:34,918 | INFO  | EventManager_EventReporter     | CMSFileSource                  | L325  | After dataFile.seek(pi.getPacketOffset())
2017-11-13 19:37:34,921 | INFO  | EventManager_EventReporter     | CMSFileSource                  | L329  | After prefetchData()
2017-11-13 19:39:48,146 | INFO  | eSource_SourceDeliveryRunnable | UDPSink                        | L102  | EOM posting event
2017-11-13 19:39:48,152 | INFO  | EventManager_EventReporter     | CMSFileSource                  | L315  | After offsetFile.seek(offset)
2017-11-13 19:39:48,154 | INFO  | EventManager_EventReporter     | CMSFileSource                  | L319  | After prefetchOffset()
2017-11-13 19:39:48,155 | INFO  | EventManager_EventReporter     | CMSFileSource                  | L325  | After dataFile.seek(pi.getPacketOffset())
2017-11-13 19:39:48,157 | INFO  | EventManager_EventReporter     | CMSFileSource                  | L329  | After prefetchData()
2017-11-13 19:39:48,161 | INFO  | EventManager_EventReporter     | CMSFileSource                  | L315  | After offsetFile.seek(offset)
2017-11-13 19:39:48,163 | INFO  | EventManager_EventReporter     | CMSFileSource                  | L319  | After prefetchOffset()
2017-11-13 19:39:48,165 | INFO  | EventManager_EventReporter     | CMSFileSource                  | L325  | After dataFile.seek(pi.getPacketOffset())
2017-11-13 19:39:48,168 | INFO  | EventManager_EventReporter     | CMSFileSource                  | L329  | After prefetchData()
2017-11-13 19:42:01,393 | INFO  | eSource_SourceDeliveryRunnable | UDPSink                        | L102  | EOM posting event
2017-11-13 19:42:01,401 | INFO  | EventManager_EventReporter     | CMSFileSource                  | L315  | After offsetFile.seek(offset)
2017-11-13 19:42:01,402 | INFO  | EventManager_EventReporter     | CMSFileSource                  | L319  | After prefetchOffset()
2017-11-13 19:42:01,403 | INFO  | EventManager_EventReporter     | CMSFileSource                  | L325  | After dataFile.seek(pi.getPacketOffset())
2017-11-13 19:42:01,405 | INFO  | EventManager_EventReporter     | CMSFileSource                  | L329  | After prefetchData()
2017-11-13 19:42:01,410 | INFO  | EventManager_EventReporter     | CMSFileSource                  | L315  | After offsetFile.seek(offset)
2017-11-13 19:42:01,412 | INFO  | EventManager_EventReporter     | CMSFileSource                  | L319  | After prefetchOffset()
2017-11-13 19:42:01,414 | INFO  | EventManager_EventReporter     | CMSFileSource                  | L325  | After dataFile.seek(pi.getPacketOffset())
2017-11-13 19:42:01,415 | INFO  | EventManager_EventReporter     | CMSFileSource                  | L329  | After prefetchData()
2017-11-13 19:44:14,639 | INFO  | eSource_SourceDeliveryRunnable | UDPSink                        | L102  | EOM posting event
2017-11-13 19:44:14,646 | INFO  | EventManager_EventReporter     | CMSFileSource                  | L315  | After offsetFile.seek(offset)
2017-11-13 19:44:14,647 | INFO  | EventManager_EventReporter     | CMSFileSource                  | L319  | After prefetchOffset()
2017-11-13 19:44:14,648 | INFO  | EventManager_EventReporter     | CMSFileSource                  | L325  | After dataFile.seek(pi.getPacketOffset())
2017-11-13 19:44:14,649 | INFO  | EventManager_EventReporter     | CMSFileSource                  | L329  | After prefetchData()
2017-11-13 19:44:14,651 | INFO  | EventManager_EventReporter     | CMSFileSource                  | L315  | After offsetFile.seek(offset)
2017-11-13 19:44:14,655 | INFO  | EventManager_EventReporter     | CMSFileSource                  | L319  | After prefetchOffset()
2017-11-13 19:44:14,657 | INFO  | EventManager_EventReporter     | CMSFileSource                  | L325  | After dataFile.seek(pi.getPacketOffset())
2017-11-13 19:44:14,660 | INFO  | EventManager_EventReporter     | CMSFileSource                  | L329  | After prefetchData()
2017-11-13 19:46:27,884 | INFO  | eSource_SourceDeliveryRunnable | UDPSink                        | L102  | EOM posting event
2017-11-13 19:46:27,891 | INFO  | EventManager_EventReporter     | CMSFileSource                  | L315  | After offsetFile.seek(offset)
2017-11-13 19:46:27,893 | INFO  | EventManager_EventReporter     | CMSFileSource                  | L319  | After prefetchOffset()
2017-11-13 19:46:27,894 | INFO  | EventManager_EventReporter     | CMSFileSource                  | L325  | After dataFile.seek(pi.getPacketOffset())
2017-11-13 19:46:27,896 | INFO  | EventManager_EventReporter     | CMSFileSource                  | L329  | After prefetchData()
2017-11-13 19:46:27,901 | INFO  | EventManager_EventReporter     | CMSFileSource                  | L315  | After offsetFile.seek(offset)
2017-11-13 19:46:27,903 | INFO  | EventManager_EventReporter     | CMSFileSource                  | L319  | After prefetchOffset()
2017-11-13 19:46:27,904 | INFO  | EventManager_EventReporter     | CMSFileSource                  | L325  | After dataFile.seek(pi.getPacketOffset())
2017-11-13 19:46:27,906 | INFO  | EventManager_EventReporter     | CMSFileSource                  | L329  | After prefetchData()
2017-11-13 19:48:41,130 | INFO  | eSource_SourceDeliveryRunnable | UDPSink                        | L102  | EOM posting event
2017-11-13 19:48:41,136 | INFO  | EventManager_EventReporter     | CMSFileSource                  | L315  | After offsetFile.seek(offset)
2017-11-13 19:48:41,138 | INFO  | EventManager_EventReporter     | CMSFileSource                  | L319  | After prefetchOffset()
2017-11-13 19:48:41,215 | INFO  | EventManager_EventReporter     | CMSFileSource                  | L325  | After dataFile.seek(pi.getPacketOffset())
2017-11-13 19:48:41,220 | INFO  | EventManager_EventReporter     | CMSFileSource                  | L329  | After prefetchData()
2017-11-13 19:48:41,222 | INFO  | EventManager_EventReporter     | CMSFileSource                  | L315  | After offsetFile.seek(offset)
2017-11-13 19:48:41,224 | INFO  | EventManager_EventReporter     | CMSFileSource                  | L319  | After prefetchOffset()
2017-11-13 19:48:41,225 | INFO  | EventManager_EventReporter     | CMSFileSource                  | L325  | After dataFile.seek(pi.getPacketOffset())
2017-11-13 19:48:41,226 | INFO  | EventManager_EventReporter     | CMSFileSource                  | L329  | After prefetchData()
2017-11-13 19:50:54,454 | INFO  | eSource_SourceDeliveryRunnable | UDPSink                        | L102  | EOM posting event
2017-11-13 19:50:54,462 | INFO  | EventManager_EventReporter     | CMSFileSource                  | L315  | After offsetFile.seek(offset)
2017-11-13 19:50:54,464 | INFO  | EventManager_EventReporter     | CMSFileSource                  | L319  | After prefetchOffset()
2017-11-13 19:50:54,465 | INFO  | EventManager_EventReporter     | CMSFileSource                  | L325  | After dataFile.seek(pi.getPacketOffset())
2017-11-13 19:50:54,470 | INFO  | EventManager_EventReporter     | CMSFileSource                  | L329  | After prefetchData()
2017-11-13 19:50:54,472 | INFO  | EventManager_EventReporter     | CMSFileSource                  | L315  | After offsetFile.seek(offset)
2017-11-13 19:50:54,474 | INFO  | EventManager_EventReporter     | CMSFileSource                  | L319  | After prefetchOffset()
2017-11-13 19:50:54,475 | INFO  | EventManager_EventReporter     | CMSFileSource                  | L325  | After dataFile.seek(pi.getPacketOffset())
2017-11-13 19:50:54,477 | INFO  | EventManager_EventReporter     | CMSFileSource                  | L329  | After prefetchData()
2017-11-13 19:53:07,702 | INFO  | eSource_SourceDeliveryRunnable | UDPSink                        | L102  | EOM posting event
2017-11-13 19:53:07,709 | INFO  | EventManager_EventReporter     | CMSFileSource                  | L315  | After offsetFile.seek(offset)
2017-11-13 19:53:07,709 | INFO  | EventManager_EventReporter     | CMSFileSource                  | L319  | After prefetchOffset()
2017-11-13 19:53:07,711 | INFO  | EventManager_EventReporter     | CMSFileSource                  | L325  | After dataFile.seek(pi.getPacketOffset())
2017-11-13 19:53:07,713 | INFO  | EventManager_EventReporter     | CMSFileSource                  | L329  | After prefetchData()
2017-11-13 19:53:07,718 | INFO  | EventManager_EventReporter     | CMSFileSource                  | L315  | After offsetFile.seek(offset)
2017-11-13 19:53:07,719 | INFO  | EventManager_EventReporter     | CMSFileSource                  | L319  | After prefetchOffset()
2017-11-13 19:53:07,722 | INFO  | EventManager_EventReporter     | CMSFileSource                  | L325  | After dataFile.seek(pi.getPacketOffset())
2017-11-13 19:53:07,723 | INFO  | EventManager_EventReporter     | CMSFileSource                  | L329  | After prefetchData()
2017-11-13 19:55:20,947 | INFO  | eSource_SourceDeliveryRunnable | UDPSink                        | L102  | EOM posting event
2017-11-13 19:55:20,954 | INFO  | EventManager_EventReporter     | CMSFileSource                  | L315  | After offsetFile.seek(offset)
2017-11-13 19:55:20,955 | INFO  | EventManager_EventReporter     | CMSFileSource                  | L319  | After prefetchOffset()
2017-11-13 19:55:20,956 | INFO  | EventManager_EventReporter     | CMSFileSource                  | L325  | After dataFile.seek(pi.getPacketOffset())
2017-11-13 19:55:20,958 | INFO  | EventManager_EventReporter     | CMSFileSource                  | L329  | After prefetchData()
2017-11-13 19:55:20,959 | INFO  | EventManager_EventReporter     | CMSFileSource                  | L315  | After offsetFile.seek(offset)
2017-11-13 19:55:20,960 | INFO  | EventManager_EventReporter     | CMSFileSource                  | L319  | After prefetchOffset()
2017-11-13 19:55:20,969 | INFO  | EventManager_EventReporter     | CMSFileSource                  | L325  | After dataFile.seek(pi.getPacketOffset())
2017-11-13 19:55:20,971 | INFO  | EventManager_EventReporter     | CMSFileSource                  | L329  | After prefetchData()
2017-11-13 19:57:34,195 | INFO  | eSource_SourceDeliveryRunnable | UDPSink                        | L102  | EOM posting event
2017-11-13 19:57:34,201 | INFO  | EventManager_EventReporter     | CMSFileSource                  | L315  | After offsetFile.seek(offset)
2017-11-13 19:57:34,203 | INFO  | EventManager_EventReporter     | CMSFileSource                  | L319  | After prefetchOffset()
2017-11-13 19:57:34,204 | INFO  | EventManager_EventReporter     | CMSFileSource                  | L325  | After dataFile.seek(pi.getPacketOffset())
2017-11-13 19:57:34,205 | INFO  | EventManager_EventReporter     | CMSFileSource                  | L329  | After prefetchData()
2017-11-13 19:57:34,207 | INFO  | EventManager_EventReporter     | CMSFileSource                  | L315  | After offsetFile.seek(offset)
2017-11-13 19:57:34,213 | INFO  | EventManager_EventReporter     | CMSFileSource                  | L319  | After prefetchOffset()
2017-11-13 19:57:34,214 | INFO  | EventManager_EventReporter     | CMSFileSource                  | L325  | After dataFile.seek(pi.getPacketOffset())
2017-11-13 19:57:34,218 | INFO  | EventManager_EventReporter     | CMSFileSource                  | L329  | After prefetchData()
2017-11-13 19:59:47,442 | INFO  | eSource_SourceDeliveryRunnable | UDPSink                        | L102  | EOM posting event
2017-11-13 19:59:47,448 | INFO  | EventManager_EventReporter     | CMSFileSource                  | L315  | After offsetFile.seek(offset)
2017-11-13 19:59:47,450 | INFO  | EventManager_EventReporter     | CMSFileSource                  | L319  | After prefetchOffset()
2017-11-13 19:59:47,451 | INFO  | EventManager_EventReporter     | CMSFileSource                  | L325  | After dataFile.seek(pi.getPacketOffset())
2017-11-13 19:59:47,453 | INFO  | EventManager_EventReporter     | CMSFileSource                  | L329  | After prefetchData()
2017-11-13 19:59:47,454 | INFO  | EventManager_EventReporter     | CMSFileSource                  | L315  | After offsetFile.seek(offset)
2017-11-13 19:59:47,459 | INFO  | EventManager_EventReporter     | CMSFileSource                  | L319  | After prefetchOffset()
2017-11-13 19:59:47,460 | INFO  | EventManager_EventReporter     | CMSFileSource                  | L325  | After dataFile.seek(pi.getPacketOffset())
2017-11-13 19:59:47,462 | INFO  | EventManager_EventReporter     | CMSFileSource                  | L329  | After prefetchData()
2017-11-13 20:02:00,686 | INFO  | eSource_SourceDeliveryRunnable | UDPSink                        | L102  | EOM posting event
2017-11-13 20:02:00,693 | INFO  | EventManager_EventReporter     | CMSFileSource                  | L315  | After offsetFile.seek(offset)
2017-11-13 20:02:00,694 | INFO  | EventManager_EventReporter     | CMSFileSource                  | L319  | After prefetchOffset()
2017-11-13 20:02:00,695 | INFO  | EventManager_EventReporter     | CMSFileSource                  | L325  | After dataFile.seek(pi.getPacketOffset())
2017-11-13 20:02:00,696 | INFO  | EventManager_EventReporter     | CMSFileSource                  | L329  | After prefetchData()
2017-11-13 20:02:00,698 | INFO  | EventManager_EventReporter     | CMSFileSource                  | L315  | After offsetFile.seek(offset)
2017-11-13 20:02:00,705 | INFO  | EventManager_EventReporter     | CMSFileSource                  | L319  | After prefetchOffset()
2017-11-13 20:02:00,707 | INFO  | EventManager_EventReporter     | CMSFileSource                  | L325  | After dataFile.seek(pi.getPacketOffset())
2017-11-13 20:02:00,708 | INFO  | EventManager_EventReporter     | CMSFileSource                  | L329  | After prefetchData()
2017-11-13 20:04:13,933 | INFO  | eSource_SourceDeliveryRunnable | UDPSink                        | L102  | EOM posting event
2017-11-13 20:04:13,949 | INFO  | EventManager_EventReporter     | CMSFileSource                  | L315  | After offsetFile.seek(offset)
2017-11-13 20:04:13,950 | INFO  | EventManager_EventReporter     | CMSFileSource                  | L319  | After prefetchOffset()
2017-11-13 20:04:13,952 | INFO  | EventManager_EventReporter     | CMSFileSource                  | L325  | After dataFile.seek(pi.getPacketOffset())
2017-11-13 20:04:13,953 | INFO  | EventManager_EventReporter     | CMSFileSource                  | L329  | After prefetchData()
2017-11-13 20:04:13,959 | INFO  | EventManager_EventReporter     | CMSFileSource                  | L315  | After offsetFile.seek(offset)
2017-11-13 20:04:13,961 | INFO  | EventManager_EventReporter     | CMSFileSource                  | L319  | After prefetchOffset()
2017-11-13 20:04:13,962 | INFO  | EventManager_EventReporter     | CMSFileSource                  | L325  | After dataFile.seek(pi.getPacketOffset())
2017-11-13 20:04:13,964 | INFO  | EventManager_EventReporter     | CMSFileSource                  | L329  | After prefetchData()
2017-11-13 20:06:27,188 | INFO  | eSource_SourceDeliveryRunnable | UDPSink                        | L102  | EOM posting event
2017-11-13 20:06:27,195 | INFO  | EventManager_EventReporter     | CMSFileSource                  | L315  | After offsetFile.seek(offset)
2017-11-13 20:06:27,196 | INFO  | EventManager_EventReporter     | CMSFileSource                  | L319  | After prefetchOffset()
2017-11-13 20:06:27,197 | INFO  | EventManager_EventReporter     | CMSFileSource                  | L325  | After dataFile.seek(pi.getPacketOffset())
2017-11-13 20:06:27,199 | INFO  | EventManager_EventReporter     | CMSFileSource                  | L329  | After prefetchData()
2017-11-13 20:06:27,205 | INFO  | EventManager_EventReporter     | CMSFileSource                  | L315  | After offsetFile.seek(offset)
2017-11-13 20:06:27,206 | INFO  | EventManager_EventReporter     | CMSFileSource                  | L319  | After prefetchOffset()
2017-11-13 20:06:27,209 | INFO  | EventManager_EventReporter     | CMSFileSource                  | L325  | After dataFile.seek(pi.getPacketOffset())
2017-11-13 20:06:27,211 | INFO  | EventManager_EventReporter     | CMSFileSource                  | L329  | After prefetchData()
2017-11-13 20:08:40,435 | INFO  | eSource_SourceDeliveryRunnable | UDPSink                        | L102  | EOM posting event
2017-11-13 20:08:40,448 | INFO  | EventManager_EventReporter     | CMSFileSource                  | L315  | After offsetFile.seek(offset)
2017-11-13 20:08:40,451 | INFO  | EventManager_EventReporter     | CMSFileSource                  | L319  | After prefetchOffset()
2017-11-13 20:08:40,452 | INFO  | EventManager_EventReporter     | CMSFileSource                  | L325  | After dataFile.seek(pi.getPacketOffset())
2017-11-13 20:08:40,455 | INFO  | EventManager_EventReporter     | CMSFileSource                  | L329  | After prefetchData()
2017-11-13 20:08:40,457 | INFO  | EventManager_EventReporter     | CMSFileSource                  | L315  | After offsetFile.seek(offset)
2017-11-13 20:08:40,458 | INFO  | EventManager_EventReporter     | CMSFileSource                  | L319  | After prefetchOffset()
2017-11-13 20:08:40,459 | INFO  | EventManager_EventReporter     | CMSFileSource                  | L325  | After dataFile.seek(pi.getPacketOffset())
2017-11-13 20:08:40,460 | INFO  | EventManager_EventReporter     | CMSFileSource                  | L329  | After prefetchData()
2017-11-13 20:10:53,689 | INFO  | eSource_SourceDeliveryRunnable | UDPSink                        | L102  | EOM posting event
2017-11-13 20:10:53,693 | INFO  | EventManager_EventReporter     | CMSFileSource                  | L315  | After offsetFile.seek(offset)
2017-11-13 20:10:53,694 | INFO  | EventManager_EventReporter     | CMSFileSource                  | L319  | After prefetchOffset()
2017-11-13 20:10:53,695 | INFO  | EventManager_EventReporter     | CMSFileSource                  | L325  | After dataFile.seek(pi.getPacketOffset())
2017-11-13 20:10:53,695 | INFO  | EventManager_EventReporter     | CMSFileSource                  | L329  | After prefetchData()
2017-11-13 20:10:53,696 | INFO  | EventManager_EventReporter     | CMSFileSource                  | L315  | After offsetFile.seek(offset)
2017-11-13 20:10:53,696 | INFO  | EventManager_EventReporter     | CMSFileSource                  | L319  | After prefetchOffset()
2017-11-13 20:10:53,697 | INFO  | EventManager_EventReporter     | CMSFileSource                  | L325  | After dataFile.seek(pi.getPacketOffset())
2017-11-13 20:10:53,697 | INFO  | EventManager_EventReporter     | CMSFileSource                  | L329  | After prefetchData()
2017-11-13 20:13:06,921 | INFO  | eSource_SourceDeliveryRunnable | UDPSink                        | L102  | EOM posting event
2017-11-13 20:13:06,928 | INFO  | EventManager_EventReporter     | CMSFileSource                  | L315  | After offsetFile.seek(offset)
2017-11-13 20:13:06,929 | INFO  | EventManager_EventReporter     | CMSFileSource                  | L319  | After prefetchOffset()
2017-11-13 20:13:06,931 | INFO  | EventManager_EventReporter     | CMSFileSource                  | L325  | After dataFile.seek(pi.getPacketOffset())
2017-11-13 20:13:06,934 | INFO  | EventManager_EventReporter     | CMSFileSource                  | L329  | After prefetchData()
2017-11-13 20:13:06,942 | INFO  | EventManager_EventReporter     | CMSFileSource                  | L315  | After offsetFile.seek(offset)
2017-11-13 20:13:06,945 | INFO  | EventManager_EventReporter     | CMSFileSource                  | L319  | After prefetchOffset()
2017-11-13 20:13:06,949 | INFO  | EventManager_EventReporter     | CMSFileSource                  | L325  | After dataFile.seek(pi.getPacketOffset())
2017-11-13 20:13:06,958 | INFO  | EventManager_EventReporter     | CMSFileSource                  | L329  | After prefetchData()
2017-11-13 20:15:20,183 | INFO  | eSource_SourceDeliveryRunnable | UDPSink                        | L102  | EOM posting event
2017-11-13 20:15:20,191 | INFO  | EventManager_EventReporter     | CMSFileSource                  | L315  | After offsetFile.seek(offset)
2017-11-13 20:15:20,194 | INFO  | EventManager_EventReporter     | CMSFileSource                  | L319  | After prefetchOffset()
2017-11-13 20:15:20,195 | INFO  | EventManager_EventReporter     | CMSFileSource                  | L325  | After dataFile.seek(pi.getPacketOffset())
2017-11-13 20:15:20,202 | INFO  | EventManager_EventReporter     | CMSFileSource                  | L329  | After prefetchData()
2017-11-13 20:15:20,206 | INFO  | EventManager_EventReporter     | CMSFileSource                  | L315  | After offsetFile.seek(offset)
2017-11-13 20:15:20,208 | INFO  | EventManager_EventReporter     | CMSFileSource                  | L319  | After prefetchOffset()
2017-11-13 20:15:20,209 | INFO  | EventManager_EventReporter     | CMSFileSource                  | L325  | After dataFile.seek(pi.getPacketOffset())
2017-11-13 20:15:20,215 | INFO  | EventManager_EventReporter     | CMSFileSource                  | L329  | After prefetchData()
2017-11-13 20:17:33,442 | INFO  | eSource_SourceDeliveryRunnable | UDPSink                        | L102  | EOM posting event
2017-11-13 20:17:33,449 | INFO  | EventManager_EventReporter     | CMSFileSource                  | L315  | After offsetFile.seek(offset)
2017-11-13 20:17:33,450 | INFO  | EventManager_EventReporter     | CMSFileSource                  | L319  | After prefetchOffset()
2017-11-13 20:17:33,451 | INFO  | EventManager_EventReporter     | CMSFileSource                  | L325  | After dataFile.seek(pi.getPacketOffset())
2017-11-13 20:17:33,453 | INFO  | EventManager_EventReporter     | CMSFileSource                  | L329  | After prefetchData()
2017-11-13 20:17:33,454 | INFO  | EventManager_EventReporter     | CMSFileSource                  | L315  | After offsetFile.seek(offset)
2017-11-13 20:17:33,459 | INFO  | EventManager_EventReporter     | CMSFileSource                  | L319  | After prefetchOffset()
2017-11-13 20:17:33,461 | INFO  | EventManager_EventReporter     | CMSFileSource                  | L325  | After dataFile.seek(pi.getPacketOffset())
2017-11-13 20:17:33,465 | INFO  | EventManager_EventReporter     | CMSFileSource                  | L329  | After prefetchData()
2017-11-13 20:19:46,695 | INFO  | eSource_SourceDeliveryRunnable | UDPSink                        | L102  | EOM posting event
2017-11-13 20:19:46,707 | INFO  | EventManager_EventReporter     | CMSFileSource                  | L315  | After offsetFile.seek(offset)
2017-11-13 20:19:46,708 | INFO  | EventManager_EventReporter     | CMSFileSource                  | L319  | After prefetchOffset()
2017-11-13 20:19:46,712 | INFO  | EventManager_EventReporter     | CMSFileSource                  | L325  | After dataFile.seek(pi.getPacketOffset())
2017-11-13 20:19:46,715 | INFO  | EventManager_EventReporter     | CMSFileSource                  | L329  | After prefetchData()
2017-11-13 20:19:46,716 | INFO  | EventManager_EventReporter     | CMSFileSource                  | L315  | After offsetFile.seek(offset)
2017-11-13 20:19:46,717 | INFO  | EventManager_EventReporter     | CMSFileSource                  | L319  | After prefetchOffset()
2017-11-13 20:19:46,720 | INFO  | EventManager_EventReporter     | CMSFileSource                  | L325  | After dataFile.seek(pi.getPacketOffset())
2017-11-13 20:19:46,726 | INFO  | EventManager_EventReporter     | CMSFileSource                  | L329  | After prefetchData()
2017-11-13 20:21:59,951 | INFO  | eSource_SourceDeliveryRunnable | UDPSink                        | L102  | EOM posting event
2017-11-13 20:21:59,958 | INFO  | EventManager_EventReporter     | CMSFileSource                  | L315  | After offsetFile.seek(offset)
2017-11-13 20:21:59,959 | INFO  | EventManager_EventReporter     | CMSFileSource                  | L319  | After prefetchOffset()
2017-11-13 20:21:59,960 | INFO  | EventManager_EventReporter     | CMSFileSource                  | L325  | After dataFile.seek(pi.getPacketOffset())
2017-11-13 20:21:59,964 | INFO  | EventManager_EventReporter     | CMSFileSource                  | L329  | After prefetchData()
2017-11-13 20:21:59,973 | INFO  | EventManager_EventReporter     | CMSFileSource                  | L315  | After offsetFile.seek(offset)
2017-11-13 20:21:59,976 | INFO  | EventManager_EventReporter     | CMSFileSource                  | L319  | After prefetchOffset()
2017-11-13 20:21:59,979 | INFO  | EventManager_EventReporter     | CMSFileSource                  | L325  | After dataFile.seek(pi.getPacketOffset())
2017-11-13 20:21:59,981 | INFO  | EventManager_EventReporter     | CMSFileSource                  | L329  | After prefetchData()
2017-11-13 20:24:13,212 | INFO  | eSource_SourceDeliveryRunnable | UDPSink                        | L102  | EOM posting event
2017-11-13 20:24:13,221 | INFO  | EventManager_EventReporter     | CMSFileSource                  | L315  | After offsetFile.seek(offset)
2017-11-13 20:24:13,222 | INFO  | EventManager_EventReporter     | CMSFileSource                  | L319  | After prefetchOffset()
2017-11-13 20:24:13,223 | INFO  | EventManager_EventReporter     | CMSFileSource                  | L325  | After dataFile.seek(pi.getPacketOffset())
2017-11-13 20:24:13,225 | INFO  | EventManager_EventReporter     | CMSFileSource                  | L329  | After prefetchData()
2017-11-13 20:24:13,229 | INFO  | EventManager_EventReporter     | CMSFileSource                  | L315  | After offsetFile.seek(offset)
2017-11-13 20:24:13,230 | INFO  | EventManager_EventReporter     | CMSFileSource                  | L319  | After prefetchOffset()
2017-11-13 20:24:13,233 | INFO  | EventManager_EventReporter     | CMSFileSource                  | L325  | After dataFile.seek(pi.getPacketOffset())
2017-11-13 20:24:13,235 | INFO  | EventManager_EventReporter     | CMSFileSource                  | L329  | After prefetchData()
2017-11-13 20:26:26,460 | INFO  | eSource_SourceDeliveryRunnable | UDPSink                        | L102  | EOM posting event
2017-11-13 20:26:26,467 | INFO  | EventManager_EventReporter     | CMSFileSource                  | L315  | After offsetFile.seek(offset)
2017-11-13 20:26:26,468 | INFO  | EventManager_EventReporter     | CMSFileSource                  | L319  | After prefetchOffset()
2017-11-13 20:26:26,469 | INFO  | EventManager_EventReporter     | CMSFileSource                  | L325  | After dataFile.seek(pi.getPacketOffset())
2017-11-13 20:26:26,470 | INFO  | EventManager_EventReporter     | CMSFileSource                  | L329  | After prefetchData()
2017-11-13 20:26:26,471 | INFO  | EventManager_EventReporter     | CMSFileSource                  | L315  | After offsetFile.seek(offset)
2017-11-13 20:26:26,477 | INFO  | EventManager_EventReporter     | CMSFileSource                  | L319  | After prefetchOffset()
2017-11-13 20:26:26,478 | INFO  | EventManager_EventReporter     | CMSFileSource                  | L325  | After dataFile.seek(pi.getPacketOffset())
2017-11-13 20:26:26,481 | INFO  | EventManager_EventReporter     | CMSFileSource                  | L329  | After prefetchData()
2017-11-13 20:28:39,706 | INFO  | eSource_SourceDeliveryRunnable | UDPSink                        | L102  | EOM posting event
2017-11-13 20:28:39,715 | INFO  | EventManager_EventReporter     | CMSFileSource                  | L315  | After offsetFile.seek(offset)
2017-11-13 20:28:39,716 | INFO  | EventManager_EventReporter     | CMSFileSource                  | L319  | After prefetchOffset()
2017-11-13 20:28:39,717 | INFO  | EventManager_EventReporter     | CMSFileSource                  | L325  | After dataFile.seek(pi.getPacketOffset())
2017-11-13 20:28:39,720 | INFO  | EventManager_EventReporter     | CMSFileSource                  | L329  | After prefetchData()
2017-11-13 20:28:39,725 | INFO  | EventManager_EventReporter     | CMSFileSource                  | L315  | After offsetFile.seek(offset)
2017-11-13 20:28:39,730 | INFO  | EventManager_EventReporter     | CMSFileSource                  | L319  | After prefetchOffset()
2017-11-13 20:28:39,731 | INFO  | EventManager_EventReporter     | CMSFileSource                  | L325  | After dataFile.seek(pi.getPacketOffset())
2017-11-13 20:28:39,733 | INFO  | EventManager_EventReporter     | CMSFileSource                  | L329  | After prefetchData()
2017-11-13 20:30:52,960 | INFO  | eSource_SourceDeliveryRunnable | UDPSink                        | L102  | EOM posting event
2017-11-13 20:30:52,967 | INFO  | EventManager_EventReporter     | CMSFileSource                  | L315  | After offsetFile.seek(offset)
2017-11-13 20:30:52,968 | INFO  | EventManager_EventReporter     | CMSFileSource                  | L319  | After prefetchOffset()
2017-11-13 20:30:52,969 | INFO  | EventManager_EventReporter     | CMSFileSource                  | L325  | After dataFile.seek(pi.getPacketOffset())
2017-11-13 20:30:52,972 | INFO  | EventManager_EventReporter     | CMSFileSource                  | L329  | After prefetchData()
2017-11-13 20:30:52,973 | INFO  | EventManager_EventReporter     | CMSFileSource                  | L315  | After offsetFile.seek(offset)
2017-11-13 20:30:52,976 | INFO  | EventManager_EventReporter     | CMSFileSource                  | L319  | After prefetchOffset()
2017-11-13 20:30:52,977 | INFO  | EventManager_EventReporter     | CMSFileSource                  | L325  | After dataFile.seek(pi.getPacketOffset())
2017-11-13 20:30:52,980 | INFO  | EventManager_EventReporter     | CMSFileSource                  | L329  | After prefetchData()
2017-11-13 20:33:06,205 | INFO  | eSource_SourceDeliveryRunnable | UDPSink                        | L102  | EOM posting event
2017-11-13 20:33:06,212 | INFO  | EventManager_EventReporter     | CMSFileSource                  | L315  | After offsetFile.seek(offset)
2017-11-13 20:33:06,214 | INFO  | EventManager_EventReporter     | CMSFileSource                  | L319  | After prefetchOffset()
2017-11-13 20:33:06,215 | INFO  | EventManager_EventReporter     | CMSFileSource                  | L325  | After dataFile.seek(pi.getPacketOffset())
2017-11-13 20:33:06,218 | INFO  | EventManager_EventReporter     | CMSFileSource                  | L329  | After prefetchData()
2017-11-13 20:33:06,222 | INFO  | EventManager_EventReporter     | CMSFileSource                  | L315  | After offsetFile.seek(offset)
2017-11-13 20:33:06,225 | INFO  | EventManager_EventReporter     | CMSFileSource                  | L319  | After prefetchOffset()
2017-11-13 20:33:06,226 | INFO  | EventManager_EventReporter     | CMSFileSource                  | L325  | After dataFile.seek(pi.getPacketOffset())
2017-11-13 20:33:06,227 | INFO  | EventManager_EventReporter     | CMSFileSource                  | L329  | After prefetchData()
